building Nix...
building the system configuration...
trace: warning: The option `services.xserver.xkbVariant' defined in `/home/vertex/.config/dotfiles/nixos/port.nix' has been renamed to `services.xserver.xkb.variant'.
trace: warning: The option `services.xserver.layout' defined in `/home/vertex/.config/dotfiles/nixos/port.nix' has been renamed to `services.xserver.xkb.layout'.
these 15 derivations will be built:
  /nix/store/zv5jrpymh09hiwjik8zsa4aq96bxs5ni-system-path.drv
  /nix/store/3pp671smf307wq78drsq8ij79cv8pbkm-unit-accounts-daemon.service.drv
  /nix/store/irxj5b6qkldif52fml0797hc02clyvar-X-Restart-Triggers-polkit.drv
  /nix/store/5912i69d8agl3fbaq7rxr6b4dkilgqra-unit-polkit.service.drv
  /nix/store/qcrnhx5div8v4g99zismwskrd6gzjwxz-dbus-1.drv
  /nix/store/ykh3a1vdzz4dlkbil2xjjzzz5zx8v1p1-X-Restart-Triggers-dbus.drv
  /nix/store/kypy48v25gbrq131hq6g4ssxnwp85m0v-unit-dbus.service.drv
  /nix/store/0ij9si30d09h55qrhmsl78jhn3cryhcs-system-units.drv
  /nix/store/2jrdfjp6j5j4aa16mwm77ys84sjykj1g-unit-dbus.service.drv
  /nix/store/cm7y7jcnk4xxkfhdqsd0x95jdwp81dxg-set-environment.drv
  /nix/store/86sf662lxadi982qdn8bln2dhc5lf5hb-etc-profile.drv
  /nix/store/id8mrq7hghv6c7mk3p5rlav650vxcvzf-etc-pam-environment.drv
  /nix/store/y2jx973gr7c1pz797wk7arb6ishis3dj-user-units.drv
  /nix/store/6jm2lrrhg6kllv9gbzy29zbivxp019dr-etc.drv
  /nix/store/7li863h2vwz9vj8sma0afm6px17zc8qb-nixos-system-port-24.05.1503.752c634c09ce.drv
this path will be fetched (22.08 MiB download, 92.87 MiB unpacked):
  /nix/store/aglwbz11k9m86jp2fndadmcbp1zsr74y-bun-1.1.8
copying path '/nix/store/aglwbz11k9m86jp2fndadmcbp1zsr74y-bun-1.1.8' from 'https://cache.nixos.org'...
building '/nix/store/zv5jrpymh09hiwjik8zsa4aq96bxs5ni-system-path.drv'...
warning: collision between `/nix/store/9bv7dcvmfcjnmg5mnqwqlq2wxfn8d7yi-gcc-wrapper-13.2.0/bin/ld' and `/nix/store/mzhqknx2mc94jdz4n320hn1lml86398y-clang-wrapper-17.0.6/bin/ld'
warning: collision between `/nix/store/9bv7dcvmfcjnmg5mnqwqlq2wxfn8d7yi-gcc-wrapper-13.2.0/bin/ld.gold' and `/nix/store/mzhqknx2mc94jdz4n320hn1lml86398y-clang-wrapper-17.0.6/bin/ld.gold'
warning: collision between `/nix/store/9bv7dcvmfcjnmg5mnqwqlq2wxfn8d7yi-gcc-wrapper-13.2.0/bin/cc' and `/nix/store/mzhqknx2mc94jdz4n320hn1lml86398y-clang-wrapper-17.0.6/bin/cc'
warning: collision between `/nix/store/9bv7dcvmfcjnmg5mnqwqlq2wxfn8d7yi-gcc-wrapper-13.2.0/bin/strip' and `/nix/store/mzhqknx2mc94jdz4n320hn1lml86398y-clang-wrapper-17.0.6/bin/strip'
warning: collision between `/nix/store/9bv7dcvmfcjnmg5mnqwqlq2wxfn8d7yi-gcc-wrapper-13.2.0/bin/cpp' and `/nix/store/mzhqknx2mc94jdz4n320hn1lml86398y-clang-wrapper-17.0.6/bin/cpp'
warning: collision between `/nix/store/9bv7dcvmfcjnmg5mnqwqlq2wxfn8d7yi-gcc-wrapper-13.2.0/bin/c++' and `/nix/store/mzhqknx2mc94jdz4n320hn1lml86398y-clang-wrapper-17.0.6/bin/c++'
warning: collision between `/nix/store/9bv7dcvmfcjnmg5mnqwqlq2wxfn8d7yi-gcc-wrapper-13.2.0/bin/ld.bfd' and `/nix/store/mzhqknx2mc94jdz4n320hn1lml86398y-clang-wrapper-17.0.6/bin/ld.bfd'
warning: collision between `/nix/store/1hp7qky8vpqzs8gj9dpr69l4hgcnjrj4-system76-module-1.0.13-6.9.2/lib/udev/hwdb.d/99-system76-dkms.hwdb' and `/nix/store/50xrn2r3za0dw2gi53am2r7gh2j8dzz3-system76-module-1.0.13-6.9.3/lib/udev/hwdb.d/99-system76-dkms.hwdb'
warning: collision between `/nix/store/gagsb6qbl2jjszvmlb4vghsllw4y6bwj-virtualbox-7.0.14/bin/.VirtualBox-wrapped' and `/nix/store/5wnai7j6lrxp1md3nr197cgyps6rlibn-virtualbox-7.0.14/bin/.VirtualBox-wrapped'
warning: collision between `/nix/store/gagsb6qbl2jjszvmlb4vghsllw4y6bwj-virtualbox-7.0.14/bin/VirtualBox' and `/nix/store/5wnai7j6lrxp1md3nr197cgyps6rlibn-virtualbox-7.0.14/bin/VirtualBox'
warning: collision between `/nix/store/gagsb6qbl2jjszvmlb4vghsllw4y6bwj-virtualbox-7.0.14/bin/VBoxManage' and `/nix/store/5wnai7j6lrxp1md3nr197cgyps6rlibn-virtualbox-7.0.14/bin/VBoxManage'
warning: collision between `/nix/store/gagsb6qbl2jjszvmlb4vghsllw4y6bwj-virtualbox-7.0.14/bin/VBoxSDL' and `/nix/store/5wnai7j6lrxp1md3nr197cgyps6rlibn-virtualbox-7.0.14/bin/VBoxSDL'
warning: collision between `/nix/store/gagsb6qbl2jjszvmlb4vghsllw4y6bwj-virtualbox-7.0.14/bin/VBoxBalloonCtrl' and `/nix/store/5wnai7j6lrxp1md3nr197cgyps6rlibn-virtualbox-7.0.14/bin/VBoxBalloonCtrl'
warning: collision between `/nix/store/gagsb6qbl2jjszvmlb4vghsllw4y6bwj-virtualbox-7.0.14/bin/VBoxHeadless' and `/nix/store/5wnai7j6lrxp1md3nr197cgyps6rlibn-virtualbox-7.0.14/bin/VBoxHeadless'
warning: collision between `/nix/store/gagsb6qbl2jjszvmlb4vghsllw4y6bwj-virtualbox-7.0.14/share/icons/hicolor/40x40/apps/virtualbox.png' and `/nix/store/5wnai7j6lrxp1md3nr197cgyps6rlibn-virtualbox-7.0.14/share/icons/hicolor/40x40/apps/virtualbox.png'
warning: collision between `/nix/store/gagsb6qbl2jjszvmlb4vghsllw4y6bwj-virtualbox-7.0.14/share/icons/hicolor/24x24/apps/virtualbox-vmdk.png' and `/nix/store/5wnai7j6lrxp1md3nr197cgyps6rlibn-virtualbox-7.0.14/share/icons/hicolor/24x24/apps/virtualbox-vmdk.png'
warning: collision between `/nix/store/gagsb6qbl2jjszvmlb4vghsllw4y6bwj-virtualbox-7.0.14/share/icons/hicolor/24x24/apps/virtualbox-vdi.png' and `/nix/store/5wnai7j6lrxp1md3nr197cgyps6rlibn-virtualbox-7.0.14/share/icons/hicolor/24x24/apps/virtualbox-vdi.png'
warning: collision between `/nix/store/gagsb6qbl2jjszvmlb4vghsllw4y6bwj-virtualbox-7.0.14/share/icons/hicolor/24x24/apps/virtualbox-hdd.png' and `/nix/store/5wnai7j6lrxp1md3nr197cgyps6rlibn-virtualbox-7.0.14/share/icons/hicolor/24x24/apps/virtualbox-hdd.png'
warning: collision between `/nix/store/gagsb6qbl2jjszvmlb4vghsllw4y6bwj-virtualbox-7.0.14/share/icons/hicolor/24x24/apps/virtualbox-vbox-extpack.png' and `/nix/store/5wnai7j6lrxp1md3nr197cgyps6rlibn-virtualbox-7.0.14/share/icons/hicolor/24x24/apps/virtualbox-vbox-extpack.png'
warning: collision between `/nix/store/gagsb6qbl2jjszvmlb4vghsllw4y6bwj-virtualbox-7.0.14/share/icons/hicolor/24x24/apps/virtualbox-vbox.png' and `/nix/store/5wnai7j6lrxp1md3nr197cgyps6rlibn-virtualbox-7.0.14/share/icons/hicolor/24x24/apps/virtualbox-vbox.png'
warning: collision between `/nix/store/gagsb6qbl2jjszvmlb4vghsllw4y6bwj-virtualbox-7.0.14/share/icons/hicolor/24x24/apps/virtualbox-ova.png' and `/nix/store/5wnai7j6lrxp1md3nr197cgyps6rlibn-virtualbox-7.0.14/share/icons/hicolor/24x24/apps/virtualbox-ova.png'
warning: collision between `/nix/store/gagsb6qbl2jjszvmlb4vghsllw4y6bwj-virtualbox-7.0.14/share/icons/hicolor/24x24/apps/virtualbox-ovf.png' and `/nix/store/5wnai7j6lrxp1md3nr197cgyps6rlibn-virtualbox-7.0.14/share/icons/hicolor/24x24/apps/virtualbox-ovf.png'
warning: collision between `/nix/store/gagsb6qbl2jjszvmlb4vghsllw4y6bwj-virtualbox-7.0.14/share/icons/hicolor/24x24/apps/virtualbox-vhd.png' and `/nix/store/5wnai7j6lrxp1md3nr197cgyps6rlibn-virtualbox-7.0.14/share/icons/hicolor/24x24/apps/virtualbox-vhd.png'
warning: collision between `/nix/store/gagsb6qbl2jjszvmlb4vghsllw4y6bwj-virtualbox-7.0.14/share/icons/hicolor/256x256/apps/virtualbox-vmdk.png' and `/nix/store/5wnai7j6lrxp1md3nr197cgyps6rlibn-virtualbox-7.0.14/share/icons/hicolor/256x256/apps/virtualbox-vmdk.png'
warning: collision between `/nix/store/gagsb6qbl2jjszvmlb4vghsllw4y6bwj-virtualbox-7.0.14/share/icons/hicolor/256x256/apps/virtualbox-vdi.png' and `/nix/store/5wnai7j6lrxp1md3nr197cgyps6rlibn-virtualbox-7.0.14/share/icons/hicolor/256x256/apps/virtualbox-vdi.png'
warning: collision between `/nix/store/gagsb6qbl2jjszvmlb4vghsllw4y6bwj-virtualbox-7.0.14/share/icons/hicolor/256x256/apps/virtualbox-hdd.png' and `/nix/store/5wnai7j6lrxp1md3nr197cgyps6rlibn-virtualbox-7.0.14/share/icons/hicolor/256x256/apps/virtualbox-hdd.png'
warning: collision between `/nix/store/gagsb6qbl2jjszvmlb4vghsllw4y6bwj-virtualbox-7.0.14/share/icons/hicolor/256x256/apps/virtualbox-vbox-extpack.png' and `/nix/store/5wnai7j6lrxp1md3nr197cgyps6rlibn-virtualbox-7.0.14/share/icons/hicolor/256x256/apps/virtualbox-vbox-extpack.png'
warning: collision between `/nix/store/gagsb6qbl2jjszvmlb4vghsllw4y6bwj-virtualbox-7.0.14/share/icons/hicolor/256x256/apps/virtualbox-vbox.png' and `/nix/store/5wnai7j6lrxp1md3nr197cgyps6rlibn-virtualbox-7.0.14/share/icons/hicolor/256x256/apps/virtualbox-vbox.png'
warning: collision between `/nix/store/gagsb6qbl2jjszvmlb4vghsllw4y6bwj-virtualbox-7.0.14/share/icons/hicolor/256x256/apps/virtualbox-ova.png' and `/nix/store/5wnai7j6lrxp1md3nr197cgyps6rlibn-virtualbox-7.0.14/share/icons/hicolor/256x256/apps/virtualbox-ova.png'
warning: collision between `/nix/store/gagsb6qbl2jjszvmlb4vghsllw4y6bwj-virtualbox-7.0.14/share/icons/hicolor/256x256/apps/virtualbox-ovf.png' and `/nix/store/5wnai7j6lrxp1md3nr197cgyps6rlibn-virtualbox-7.0.14/share/icons/hicolor/256x256/apps/virtualbox-ovf.png'
warning: collision between `/nix/store/gagsb6qbl2jjszvmlb4vghsllw4y6bwj-virtualbox-7.0.14/share/icons/hicolor/256x256/apps/virtualbox-vhd.png' and `/nix/store/5wnai7j6lrxp1md3nr197cgyps6rlibn-virtualbox-7.0.14/share/icons/hicolor/256x256/apps/virtualbox-vhd.png'
warning: collision between `/nix/store/gagsb6qbl2jjszvmlb4vghsllw4y6bwj-virtualbox-7.0.14/share/icons/hicolor/16x16/apps/virtualbox.png' and `/nix/store/5wnai7j6lrxp1md3nr197cgyps6rlibn-virtualbox-7.0.14/share/icons/hicolor/16x16/apps/virtualbox.png'
warning: collision between `/nix/store/gagsb6qbl2jjszvmlb4vghsllw4y6bwj-virtualbox-7.0.14/share/icons/hicolor/16x16/apps/virtualbox-vmdk.png' and `/nix/store/5wnai7j6lrxp1md3nr197cgyps6rlibn-virtualbox-7.0.14/share/icons/hicolor/16x16/apps/virtualbox-vmdk.png'
warning: collision between `/nix/store/gagsb6qbl2jjszvmlb4vghsllw4y6bwj-virtualbox-7.0.14/share/icons/hicolor/16x16/apps/virtualbox-vdi.png' and `/nix/store/5wnai7j6lrxp1md3nr197cgyps6rlibn-virtualbox-7.0.14/share/icons/hicolor/16x16/apps/virtualbox-vdi.png'
warning: collision between `/nix/store/gagsb6qbl2jjszvmlb4vghsllw4y6bwj-virtualbox-7.0.14/share/icons/hicolor/16x16/apps/virtualbox-hdd.png' and `/nix/store/5wnai7j6lrxp1md3nr197cgyps6rlibn-virtualbox-7.0.14/share/icons/hicolor/16x16/apps/virtualbox-hdd.png'
warning: collision between `/nix/store/gagsb6qbl2jjszvmlb4vghsllw4y6bwj-virtualbox-7.0.14/share/icons/hicolor/16x16/apps/virtualbox-vbox-extpack.png' and `/nix/store/5wnai7j6lrxp1md3nr197cgyps6rlibn-virtualbox-7.0.14/share/icons/hicolor/16x16/apps/virtualbox-vbox-extpack.png'
warning: collision between `/nix/store/gagsb6qbl2jjszvmlb4vghsllw4y6bwj-virtualbox-7.0.14/share/icons/hicolor/16x16/apps/virtualbox-vbox.png' and `/nix/store/5wnai7j6lrxp1md3nr197cgyps6rlibn-virtualbox-7.0.14/share/icons/hicolor/16x16/apps/virtualbox-vbox.png'
warning: collision between `/nix/store/gagsb6qbl2jjszvmlb4vghsllw4y6bwj-virtualbox-7.0.14/share/icons/hicolor/16x16/apps/virtualbox-ova.png' and `/nix/store/5wnai7j6lrxp1md3nr197cgyps6rlibn-virtualbox-7.0.14/share/icons/hicolor/16x16/apps/virtualbox-ova.png'
warning: collision between `/nix/store/gagsb6qbl2jjszvmlb4vghsllw4y6bwj-virtualbox-7.0.14/share/icons/hicolor/16x16/apps/virtualbox-ovf.png' and `/nix/store/5wnai7j6lrxp1md3nr197cgyps6rlibn-virtualbox-7.0.14/share/icons/hicolor/16x16/apps/virtualbox-ovf.png'
warning: collision between `/nix/store/gagsb6qbl2jjszvmlb4vghsllw4y6bwj-virtualbox-7.0.14/share/icons/hicolor/16x16/apps/virtualbox-vhd.png' and `/nix/store/5wnai7j6lrxp1md3nr197cgyps6rlibn-virtualbox-7.0.14/share/icons/hicolor/16x16/apps/virtualbox-vhd.png'
warning: collision between `/nix/store/gagsb6qbl2jjszvmlb4vghsllw4y6bwj-virtualbox-7.0.14/share/icons/hicolor/128x128/apps/virtualbox.png' and `/nix/store/5wnai7j6lrxp1md3nr197cgyps6rlibn-virtualbox-7.0.14/share/icons/hicolor/128x128/apps/virtualbox.png'
warning: collision between `/nix/store/gagsb6qbl2jjszvmlb4vghsllw4y6bwj-virtualbox-7.0.14/share/icons/hicolor/128x128/apps/virtualbox-vmdk.png' and `/nix/store/5wnai7j6lrxp1md3nr197cgyps6rlibn-virtualbox-7.0.14/share/icons/hicolor/128x128/apps/virtualbox-vmdk.png'
warning: collision between `/nix/store/gagsb6qbl2jjszvmlb4vghsllw4y6bwj-virtualbox-7.0.14/share/icons/hicolor/128x128/apps/virtualbox-vdi.png' and `/nix/store/5wnai7j6lrxp1md3nr197cgyps6rlibn-virtualbox-7.0.14/share/icons/hicolor/128x128/apps/virtualbox-vdi.png'
warning: collision between `/nix/store/gagsb6qbl2jjszvmlb4vghsllw4y6bwj-virtualbox-7.0.14/share/icons/hicolor/128x128/apps/virtualbox-hdd.png' and `/nix/store/5wnai7j6lrxp1md3nr197cgyps6rlibn-virtualbox-7.0.14/share/icons/hicolor/128x128/apps/virtualbox-hdd.png'
warning: collision between `/nix/store/gagsb6qbl2jjszvmlb4vghsllw4y6bwj-virtualbox-7.0.14/share/icons/hicolor/128x128/apps/virtualbox-vbox-extpack.png' and `/nix/store/5wnai7j6lrxp1md3nr197cgyps6rlibn-virtualbox-7.0.14/share/icons/hicolor/128x128/apps/virtualbox-vbox-extpack.png'
warning: collision between `/nix/store/gagsb6qbl2jjszvmlb4vghsllw4y6bwj-virtualbox-7.0.14/share/icons/hicolor/128x128/apps/virtualbox-vbox.png' and `/nix/store/5wnai7j6lrxp1md3nr197cgyps6rlibn-virtualbox-7.0.14/share/icons/hicolor/128x128/apps/virtualbox-vbox.png'
warning: collision between `/nix/store/gagsb6qbl2jjszvmlb4vghsllw4y6bwj-virtualbox-7.0.14/share/icons/hicolor/128x128/apps/virtualbox-ova.png' and `/nix/store/5wnai7j6lrxp1md3nr197cgyps6rlibn-virtualbox-7.0.14/share/icons/hicolor/128x128/apps/virtualbox-ova.png'
warning: collision between `/nix/store/gagsb6qbl2jjszvmlb4vghsllw4y6bwj-virtualbox-7.0.14/share/icons/hicolor/128x128/apps/virtualbox-ovf.png' and `/nix/store/5wnai7j6lrxp1md3nr197cgyps6rlibn-virtualbox-7.0.14/share/icons/hicolor/128x128/apps/virtualbox-ovf.png'
warning: collision between `/nix/store/gagsb6qbl2jjszvmlb4vghsllw4y6bwj-virtualbox-7.0.14/share/icons/hicolor/128x128/apps/virtualbox-vhd.png' and `/nix/store/5wnai7j6lrxp1md3nr197cgyps6rlibn-virtualbox-7.0.14/share/icons/hicolor/128x128/apps/virtualbox-vhd.png'
warning: collision between `/nix/store/gagsb6qbl2jjszvmlb4vghsllw4y6bwj-virtualbox-7.0.14/share/icons/hicolor/96x96/apps/virtualbox-vmdk.png' and `/nix/store/5wnai7j6lrxp1md3nr197cgyps6rlibn-virtualbox-7.0.14/share/icons/hicolor/96x96/apps/virtualbox-vmdk.png'
warning: collision between `/nix/store/gagsb6qbl2jjszvmlb4vghsllw4y6bwj-virtualbox-7.0.14/share/icons/hicolor/96x96/apps/virtualbox-vdi.png' and `/nix/store/5wnai7j6lrxp1md3nr197cgyps6rlibn-virtualbox-7.0.14/share/icons/hicolor/96x96/apps/virtualbox-vdi.png'
warning: collision between `/nix/store/gagsb6qbl2jjszvmlb4vghsllw4y6bwj-virtualbox-7.0.14/share/icons/hicolor/96x96/apps/virtualbox-hdd.png' and `/nix/store/5wnai7j6lrxp1md3nr197cgyps6rlibn-virtualbox-7.0.14/share/icons/hicolor/96x96/apps/virtualbox-hdd.png'
warning: collision between `/nix/store/gagsb6qbl2jjszvmlb4vghsllw4y6bwj-virtualbox-7.0.14/share/icons/hicolor/96x96/apps/virtualbox-vbox-extpack.png' and `/nix/store/5wnai7j6lrxp1md3nr197cgyps6rlibn-virtualbox-7.0.14/share/icons/hicolor/96x96/apps/virtualbox-vbox-extpack.png'
warning: collision between `/nix/store/gagsb6qbl2jjszvmlb4vghsllw4y6bwj-virtualbox-7.0.14/share/icons/hicolor/96x96/apps/virtualbox-vbox.png' and `/nix/store/5wnai7j6lrxp1md3nr197cgyps6rlibn-virtualbox-7.0.14/share/icons/hicolor/96x96/apps/virtualbox-vbox.png'
warning: collision between `/nix/store/gagsb6qbl2jjszvmlb4vghsllw4y6bwj-virtualbox-7.0.14/share/icons/hicolor/96x96/apps/virtualbox-ova.png' and `/nix/store/5wnai7j6lrxp1md3nr197cgyps6rlibn-virtualbox-7.0.14/share/icons/hicolor/96x96/apps/virtualbox-ova.png'
warning: collision between `/nix/store/gagsb6qbl2jjszvmlb4vghsllw4y6bwj-virtualbox-7.0.14/share/icons/hicolor/96x96/apps/virtualbox-ovf.png' and `/nix/store/5wnai7j6lrxp1md3nr197cgyps6rlibn-virtualbox-7.0.14/share/icons/hicolor/96x96/apps/virtualbox-ovf.png'
warning: collision between `/nix/store/gagsb6qbl2jjszvmlb4vghsllw4y6bwj-virtualbox-7.0.14/share/icons/hicolor/96x96/apps/virtualbox-vhd.png' and `/nix/store/5wnai7j6lrxp1md3nr197cgyps6rlibn-virtualbox-7.0.14/share/icons/hicolor/96x96/apps/virtualbox-vhd.png'
warning: collision between `/nix/store/gagsb6qbl2jjszvmlb4vghsllw4y6bwj-virtualbox-7.0.14/share/icons/hicolor/72x72/apps/virtualbox-vmdk.png' and `/nix/store/5wnai7j6lrxp1md3nr197cgyps6rlibn-virtualbox-7.0.14/share/icons/hicolor/72x72/apps/virtualbox-vmdk.png'
warning: collision between `/nix/store/gagsb6qbl2jjszvmlb4vghsllw4y6bwj-virtualbox-7.0.14/share/icons/hicolor/72x72/apps/virtualbox-vdi.png' and `/nix/store/5wnai7j6lrxp1md3nr197cgyps6rlibn-virtualbox-7.0.14/share/icons/hicolor/72x72/apps/virtualbox-vdi.png'
warning: collision between `/nix/store/gagsb6qbl2jjszvmlb4vghsllw4y6bwj-virtualbox-7.0.14/share/icons/hicolor/72x72/apps/virtualbox-hdd.png' and `/nix/store/5wnai7j6lrxp1md3nr197cgyps6rlibn-virtualbox-7.0.14/share/icons/hicolor/72x72/apps/virtualbox-hdd.png'
warning: collision between `/nix/store/gagsb6qbl2jjszvmlb4vghsllw4y6bwj-virtualbox-7.0.14/share/icons/hicolor/72x72/apps/virtualbox-vbox-extpack.png' and `/nix/store/5wnai7j6lrxp1md3nr197cgyps6rlibn-virtualbox-7.0.14/share/icons/hicolor/72x72/apps/virtualbox-vbox-extpack.png'
warning: collision between `/nix/store/gagsb6qbl2jjszvmlb4vghsllw4y6bwj-virtualbox-7.0.14/share/icons/hicolor/72x72/apps/virtualbox-vbox.png' and `/nix/store/5wnai7j6lrxp1md3nr197cgyps6rlibn-virtualbox-7.0.14/share/icons/hicolor/72x72/apps/virtualbox-vbox.png'
warning: collision between `/nix/store/gagsb6qbl2jjszvmlb4vghsllw4y6bwj-virtualbox-7.0.14/share/icons/hicolor/72x72/apps/virtualbox-ova.png' and `/nix/store/5wnai7j6lrxp1md3nr197cgyps6rlibn-virtualbox-7.0.14/share/icons/hicolor/72x72/apps/virtualbox-ova.png'
warning: collision between `/nix/store/gagsb6qbl2jjszvmlb4vghsllw4y6bwj-virtualbox-7.0.14/share/icons/hicolor/72x72/apps/virtualbox-ovf.png' and `/nix/store/5wnai7j6lrxp1md3nr197cgyps6rlibn-virtualbox-7.0.14/share/icons/hicolor/72x72/apps/virtualbox-ovf.png'
warning: collision between `/nix/store/gagsb6qbl2jjszvmlb4vghsllw4y6bwj-virtualbox-7.0.14/share/icons/hicolor/72x72/apps/virtualbox-vhd.png' and `/nix/store/5wnai7j6lrxp1md3nr197cgyps6rlibn-virtualbox-7.0.14/share/icons/hicolor/72x72/apps/virtualbox-vhd.png'
warning: collision between `/nix/store/gagsb6qbl2jjszvmlb4vghsllw4y6bwj-virtualbox-7.0.14/share/icons/hicolor/32x32/apps/virtualbox.png' and `/nix/store/5wnai7j6lrxp1md3nr197cgyps6rlibn-virtualbox-7.0.14/share/icons/hicolor/32x32/apps/virtualbox.png'
warning: collision between `/nix/store/gagsb6qbl2jjszvmlb4vghsllw4y6bwj-virtualbox-7.0.14/share/icons/hicolor/32x32/apps/virtualbox-vmdk.png' and `/nix/store/5wnai7j6lrxp1md3nr197cgyps6rlibn-virtualbox-7.0.14/share/icons/hicolor/32x32/apps/virtualbox-vmdk.png'
warning: collision between `/nix/store/gagsb6qbl2jjszvmlb4vghsllw4y6bwj-virtualbox-7.0.14/share/icons/hicolor/32x32/apps/virtualbox-vdi.png' and `/nix/store/5wnai7j6lrxp1md3nr197cgyps6rlibn-virtualbox-7.0.14/share/icons/hicolor/32x32/apps/virtualbox-vdi.png'
warning: collision between `/nix/store/gagsb6qbl2jjszvmlb4vghsllw4y6bwj-virtualbox-7.0.14/share/icons/hicolor/32x32/apps/virtualbox-hdd.png' and `/nix/store/5wnai7j6lrxp1md3nr197cgyps6rlibn-virtualbox-7.0.14/share/icons/hicolor/32x32/apps/virtualbox-hdd.png'
warning: collision between `/nix/store/gagsb6qbl2jjszvmlb4vghsllw4y6bwj-virtualbox-7.0.14/share/icons/hicolor/32x32/apps/virtualbox-vbox-extpack.png' and `/nix/store/5wnai7j6lrxp1md3nr197cgyps6rlibn-virtualbox-7.0.14/share/icons/hicolor/32x32/apps/virtualbox-vbox-extpack.png'
warning: collision between `/nix/store/gagsb6qbl2jjszvmlb4vghsllw4y6bwj-virtualbox-7.0.14/share/icons/hicolor/32x32/apps/virtualbox-vbox.png' and `/nix/store/5wnai7j6lrxp1md3nr197cgyps6rlibn-virtualbox-7.0.14/share/icons/hicolor/32x32/apps/virtualbox-vbox.png'
warning: collision between `/nix/store/gagsb6qbl2jjszvmlb4vghsllw4y6bwj-virtualbox-7.0.14/share/icons/hicolor/32x32/apps/virtualbox-ova.png' and `/nix/store/5wnai7j6lrxp1md3nr197cgyps6rlibn-virtualbox-7.0.14/share/icons/hicolor/32x32/apps/virtualbox-ova.png'
warning: collision between `/nix/store/gagsb6qbl2jjszvmlb4vghsllw4y6bwj-virtualbox-7.0.14/share/icons/hicolor/32x32/apps/virtualbox-ovf.png' and `/nix/store/5wnai7j6lrxp1md3nr197cgyps6rlibn-virtualbox-7.0.14/share/icons/hicolor/32x32/apps/virtualbox-ovf.png'
warning: collision between `/nix/store/gagsb6qbl2jjszvmlb4vghsllw4y6bwj-virtualbox-7.0.14/share/icons/hicolor/32x32/apps/virtualbox-vhd.png' and `/nix/store/5wnai7j6lrxp1md3nr197cgyps6rlibn-virtualbox-7.0.14/share/icons/hicolor/32x32/apps/virtualbox-vhd.png'
warning: collision between `/nix/store/gagsb6qbl2jjszvmlb4vghsllw4y6bwj-virtualbox-7.0.14/share/icons/hicolor/48x48/apps/virtualbox.png' and `/nix/store/5wnai7j6lrxp1md3nr197cgyps6rlibn-virtualbox-7.0.14/share/icons/hicolor/48x48/apps/virtualbox.png'
warning: collision between `/nix/store/gagsb6qbl2jjszvmlb4vghsllw4y6bwj-virtualbox-7.0.14/share/icons/hicolor/48x48/apps/virtualbox-vmdk.png' and `/nix/store/5wnai7j6lrxp1md3nr197cgyps6rlibn-virtualbox-7.0.14/share/icons/hicolor/48x48/apps/virtualbox-vmdk.png'
warning: collision between `/nix/store/gagsb6qbl2jjszvmlb4vghsllw4y6bwj-virtualbox-7.0.14/share/icons/hicolor/48x48/apps/virtualbox-vdi.png' and `/nix/store/5wnai7j6lrxp1md3nr197cgyps6rlibn-virtualbox-7.0.14/share/icons/hicolor/48x48/apps/virtualbox-vdi.png'
warning: collision between `/nix/store/gagsb6qbl2jjszvmlb4vghsllw4y6bwj-virtualbox-7.0.14/share/icons/hicolor/48x48/apps/virtualbox-hdd.png' and `/nix/store/5wnai7j6lrxp1md3nr197cgyps6rlibn-virtualbox-7.0.14/share/icons/hicolor/48x48/apps/virtualbox-hdd.png'
warning: collision between `/nix/store/gagsb6qbl2jjszvmlb4vghsllw4y6bwj-virtualbox-7.0.14/share/icons/hicolor/48x48/apps/virtualbox-vbox-extpack.png' and `/nix/store/5wnai7j6lrxp1md3nr197cgyps6rlibn-virtualbox-7.0.14/share/icons/hicolor/48x48/apps/virtualbox-vbox-extpack.png'
warning: collision between `/nix/store/gagsb6qbl2jjszvmlb4vghsllw4y6bwj-virtualbox-7.0.14/share/icons/hicolor/48x48/apps/virtualbox-vbox.png' and `/nix/store/5wnai7j6lrxp1md3nr197cgyps6rlibn-virtualbox-7.0.14/share/icons/hicolor/48x48/apps/virtualbox-vbox.png'
warning: collision between `/nix/store/gagsb6qbl2jjszvmlb4vghsllw4y6bwj-virtualbox-7.0.14/share/icons/hicolor/48x48/apps/virtualbox-ova.png' and `/nix/store/5wnai7j6lrxp1md3nr197cgyps6rlibn-virtualbox-7.0.14/share/icons/hicolor/48x48/apps/virtualbox-ova.png'
warning: collision between `/nix/store/gagsb6qbl2jjszvmlb4vghsllw4y6bwj-virtualbox-7.0.14/share/icons/hicolor/48x48/apps/virtualbox-ovf.png' and `/nix/store/5wnai7j6lrxp1md3nr197cgyps6rlibn-virtualbox-7.0.14/share/icons/hicolor/48x48/apps/virtualbox-ovf.png'
warning: collision between `/nix/store/gagsb6qbl2jjszvmlb4vghsllw4y6bwj-virtualbox-7.0.14/share/icons/hicolor/48x48/apps/virtualbox-vhd.png' and `/nix/store/5wnai7j6lrxp1md3nr197cgyps6rlibn-virtualbox-7.0.14/share/icons/hicolor/48x48/apps/virtualbox-vhd.png'
warning: collision between `/nix/store/gagsb6qbl2jjszvmlb4vghsllw4y6bwj-virtualbox-7.0.14/share/icons/hicolor/20x20/apps/virtualbox.png' and `/nix/store/5wnai7j6lrxp1md3nr197cgyps6rlibn-virtualbox-7.0.14/share/icons/hicolor/20x20/apps/virtualbox.png'
warning: collision between `/nix/store/gagsb6qbl2jjszvmlb4vghsllw4y6bwj-virtualbox-7.0.14/share/icons/hicolor/20x20/apps/virtualbox-vmdk.png' and `/nix/store/5wnai7j6lrxp1md3nr197cgyps6rlibn-virtualbox-7.0.14/share/icons/hicolor/20x20/apps/virtualbox-vmdk.png'
warning: collision between `/nix/store/gagsb6qbl2jjszvmlb4vghsllw4y6bwj-virtualbox-7.0.14/share/icons/hicolor/20x20/apps/virtualbox-vdi.png' and `/nix/store/5wnai7j6lrxp1md3nr197cgyps6rlibn-virtualbox-7.0.14/share/icons/hicolor/20x20/apps/virtualbox-vdi.png'
warning: collision between `/nix/store/gagsb6qbl2jjszvmlb4vghsllw4y6bwj-virtualbox-7.0.14/share/icons/hicolor/20x20/apps/virtualbox-hdd.png' and `/nix/store/5wnai7j6lrxp1md3nr197cgyps6rlibn-virtualbox-7.0.14/share/icons/hicolor/20x20/apps/virtualbox-hdd.png'
warning: collision between `/nix/store/gagsb6qbl2jjszvmlb4vghsllw4y6bwj-virtualbox-7.0.14/share/icons/hicolor/20x20/apps/virtualbox-vbox-extpack.png' and `/nix/store/5wnai7j6lrxp1md3nr197cgyps6rlibn-virtualbox-7.0.14/share/icons/hicolor/20x20/apps/virtualbox-vbox-extpack.png'
warning: collision between `/nix/store/gagsb6qbl2jjszvmlb4vghsllw4y6bwj-virtualbox-7.0.14/share/icons/hicolor/20x20/apps/virtualbox-vbox.png' and `/nix/store/5wnai7j6lrxp1md3nr197cgyps6rlibn-virtualbox-7.0.14/share/icons/hicolor/20x20/apps/virtualbox-vbox.png'
warning: collision between `/nix/store/gagsb6qbl2jjszvmlb4vghsllw4y6bwj-virtualbox-7.0.14/share/icons/hicolor/20x20/apps/virtualbox-ova.png' and `/nix/store/5wnai7j6lrxp1md3nr197cgyps6rlibn-virtualbox-7.0.14/share/icons/hicolor/20x20/apps/virtualbox-ova.png'
warning: collision between `/nix/store/gagsb6qbl2jjszvmlb4vghsllw4y6bwj-virtualbox-7.0.14/share/icons/hicolor/20x20/apps/virtualbox-ovf.png' and `/nix/store/5wnai7j6lrxp1md3nr197cgyps6rlibn-virtualbox-7.0.14/share/icons/hicolor/20x20/apps/virtualbox-ovf.png'
warning: collision between `/nix/store/gagsb6qbl2jjszvmlb4vghsllw4y6bwj-virtualbox-7.0.14/share/icons/hicolor/20x20/apps/virtualbox-vhd.png' and `/nix/store/5wnai7j6lrxp1md3nr197cgyps6rlibn-virtualbox-7.0.14/share/icons/hicolor/20x20/apps/virtualbox-vhd.png'
warning: collision between `/nix/store/gagsb6qbl2jjszvmlb4vghsllw4y6bwj-virtualbox-7.0.14/share/icons/hicolor/64x64/apps/virtualbox.png' and `/nix/store/5wnai7j6lrxp1md3nr197cgyps6rlibn-virtualbox-7.0.14/share/icons/hicolor/64x64/apps/virtualbox.png'
warning: collision between `/nix/store/gagsb6qbl2jjszvmlb4vghsllw4y6bwj-virtualbox-7.0.14/share/icons/hicolor/64x64/apps/virtualbox-vmdk.png' and `/nix/store/5wnai7j6lrxp1md3nr197cgyps6rlibn-virtualbox-7.0.14/share/icons/hicolor/64x64/apps/virtualbox-vmdk.png'
warning: collision between `/nix/store/gagsb6qbl2jjszvmlb4vghsllw4y6bwj-virtualbox-7.0.14/share/icons/hicolor/64x64/apps/virtualbox-vdi.png' and `/nix/store/5wnai7j6lrxp1md3nr197cgyps6rlibn-virtualbox-7.0.14/share/icons/hicolor/64x64/apps/virtualbox-vdi.png'
warning: collision between `/nix/store/gagsb6qbl2jjszvmlb4vghsllw4y6bwj-virtualbox-7.0.14/share/icons/hicolor/64x64/apps/virtualbox-hdd.png' and `/nix/store/5wnai7j6lrxp1md3nr197cgyps6rlibn-virtualbox-7.0.14/share/icons/hicolor/64x64/apps/virtualbox-hdd.png'
warning: collision between `/nix/store/gagsb6qbl2jjszvmlb4vghsllw4y6bwj-virtualbox-7.0.14/share/icons/hicolor/64x64/apps/virtualbox-vbox-extpack.png' and `/nix/store/5wnai7j6lrxp1md3nr197cgyps6rlibn-virtualbox-7.0.14/share/icons/hicolor/64x64/apps/virtualbox-vbox-extpack.png'
warning: collision between `/nix/store/gagsb6qbl2jjszvmlb4vghsllw4y6bwj-virtualbox-7.0.14/share/icons/hicolor/64x64/apps/virtualbox-vbox.png' and `/nix/store/5wnai7j6lrxp1md3nr197cgyps6rlibn-virtualbox-7.0.14/share/icons/hicolor/64x64/apps/virtualbox-vbox.png'
warning: collision between `/nix/store/gagsb6qbl2jjszvmlb4vghsllw4y6bwj-virtualbox-7.0.14/share/icons/hicolor/64x64/apps/virtualbox-ova.png' and `/nix/store/5wnai7j6lrxp1md3nr197cgyps6rlibn-virtualbox-7.0.14/share/icons/hicolor/64x64/apps/virtualbox-ova.png'
warning: collision between `/nix/store/gagsb6qbl2jjszvmlb4vghsllw4y6bwj-virtualbox-7.0.14/share/icons/hicolor/64x64/apps/virtualbox-ovf.png' and `/nix/store/5wnai7j6lrxp1md3nr197cgyps6rlibn-virtualbox-7.0.14/share/icons/hicolor/64x64/apps/virtualbox-ovf.png'
warning: collision between `/nix/store/gagsb6qbl2jjszvmlb4vghsllw4y6bwj-virtualbox-7.0.14/share/icons/hicolor/64x64/apps/virtualbox-vhd.png' and `/nix/store/5wnai7j6lrxp1md3nr197cgyps6rlibn-virtualbox-7.0.14/share/icons/hicolor/64x64/apps/virtualbox-vhd.png'
warning: collision between `/nix/store/gagsb6qbl2jjszvmlb4vghsllw4y6bwj-virtualbox-7.0.14/share/virtualbox/VirtualBox_uk.qm' and `/nix/store/5wnai7j6lrxp1md3nr197cgyps6rlibn-virtualbox-7.0.14/share/virtualbox/VirtualBox_uk.qm'
warning: collision between `/nix/store/gagsb6qbl2jjszvmlb4vghsllw4y6bwj-virtualbox-7.0.14/share/virtualbox/VirtualBox_sk.qm' and `/nix/store/5wnai7j6lrxp1md3nr197cgyps6rlibn-virtualbox-7.0.14/share/virtualbox/VirtualBox_sk.qm'
warning: collision between `/nix/store/gagsb6qbl2jjszvmlb4vghsllw4y6bwj-virtualbox-7.0.14/share/virtualbox/qt_de.qm' and `/nix/store/5wnai7j6lrxp1md3nr197cgyps6rlibn-virtualbox-7.0.14/share/virtualbox/qt_de.qm'
warning: collision between `/nix/store/gagsb6qbl2jjszvmlb4vghsllw4y6bwj-virtualbox-7.0.14/share/virtualbox/VirtualBox_ru.qm' and `/nix/store/5wnai7j6lrxp1md3nr197cgyps6rlibn-virtualbox-7.0.14/share/virtualbox/VirtualBox_ru.qm'
warning: collision between `/nix/store/gagsb6qbl2jjszvmlb4vghsllw4y6bwj-virtualbox-7.0.14/share/virtualbox/qt_lt.qm' and `/nix/store/5wnai7j6lrxp1md3nr197cgyps6rlibn-virtualbox-7.0.14/share/virtualbox/qt_lt.qm'
warning: collision between `/nix/store/gagsb6qbl2jjszvmlb4vghsllw4y6bwj-virtualbox-7.0.14/share/virtualbox/VirtualBox_cs.qm' and `/nix/store/5wnai7j6lrxp1md3nr197cgyps6rlibn-virtualbox-7.0.14/share/virtualbox/VirtualBox_cs.qm'
warning: collision between `/nix/store/gagsb6qbl2jjszvmlb4vghsllw4y6bwj-virtualbox-7.0.14/share/virtualbox/qt_ca.qm' and `/nix/store/5wnai7j6lrxp1md3nr197cgyps6rlibn-virtualbox-7.0.14/share/virtualbox/qt_ca.qm'
warning: collision between `/nix/store/gagsb6qbl2jjszvmlb4vghsllw4y6bwj-virtualbox-7.0.14/share/virtualbox/qt_sr.qm' and `/nix/store/5wnai7j6lrxp1md3nr197cgyps6rlibn-virtualbox-7.0.14/share/virtualbox/qt_sr.qm'
warning: collision between `/nix/store/gagsb6qbl2jjszvmlb4vghsllw4y6bwj-virtualbox-7.0.14/share/virtualbox/qt_fa.qm' and `/nix/store/5wnai7j6lrxp1md3nr197cgyps6rlibn-virtualbox-7.0.14/share/virtualbox/qt_fa.qm'
warning: collision between `/nix/store/gagsb6qbl2jjszvmlb4vghsllw4y6bwj-virtualbox-7.0.14/share/virtualbox/qt_sv.qm' and `/nix/store/5wnai7j6lrxp1md3nr197cgyps6rlibn-virtualbox-7.0.14/share/virtualbox/qt_sv.qm'
warning: collision between `/nix/store/gagsb6qbl2jjszvmlb4vghsllw4y6bwj-virtualbox-7.0.14/share/virtualbox/qt_ru.qm' and `/nix/store/5wnai7j6lrxp1md3nr197cgyps6rlibn-virtualbox-7.0.14/share/virtualbox/qt_ru.qm'
warning: collision between `/nix/store/gagsb6qbl2jjszvmlb4vghsllw4y6bwj-virtualbox-7.0.14/share/virtualbox/VirtualBox_ro.qm' and `/nix/store/5wnai7j6lrxp1md3nr197cgyps6rlibn-virtualbox-7.0.14/share/virtualbox/VirtualBox_ro.qm'
warning: collision between `/nix/store/gagsb6qbl2jjszvmlb4vghsllw4y6bwj-virtualbox-7.0.14/share/virtualbox/VirtualBox_sv.qm' and `/nix/store/5wnai7j6lrxp1md3nr197cgyps6rlibn-virtualbox-7.0.14/share/virtualbox/VirtualBox_sv.qm'
warning: collision between `/nix/store/gagsb6qbl2jjszvmlb4vghsllw4y6bwj-virtualbox-7.0.14/share/virtualbox/qt_fi.qm' and `/nix/store/5wnai7j6lrxp1md3nr197cgyps6rlibn-virtualbox-7.0.14/share/virtualbox/qt_fi.qm'
warning: collision between `/nix/store/gagsb6qbl2jjszvmlb4vghsllw4y6bwj-virtualbox-7.0.14/share/virtualbox/VirtualBox_ca_VA.qm' and `/nix/store/5wnai7j6lrxp1md3nr197cgyps6rlibn-virtualbox-7.0.14/share/virtualbox/VirtualBox_ca_VA.qm'
warning: collision between `/nix/store/gagsb6qbl2jjszvmlb4vghsllw4y6bwj-virtualbox-7.0.14/share/virtualbox/qt_ro.qm' and `/nix/store/5wnai7j6lrxp1md3nr197cgyps6rlibn-virtualbox-7.0.14/share/virtualbox/qt_ro.qm'
warning: collision between `/nix/store/gagsb6qbl2jjszvmlb4vghsllw4y6bwj-virtualbox-7.0.14/share/virtualbox/VirtualBox_pl.qm' and `/nix/store/5wnai7j6lrxp1md3nr197cgyps6rlibn-virtualbox-7.0.14/share/virtualbox/VirtualBox_pl.qm'
warning: collision between `/nix/store/gagsb6qbl2jjszvmlb4vghsllw4y6bwj-virtualbox-7.0.14/share/virtualbox/qt_sl.qm' and `/nix/store/5wnai7j6lrxp1md3nr197cgyps6rlibn-virtualbox-7.0.14/share/virtualbox/qt_sl.qm'
warning: collision between `/nix/store/gagsb6qbl2jjszvmlb4vghsllw4y6bwj-virtualbox-7.0.14/share/virtualbox/qt_zh_TW.qm' and `/nix/store/5wnai7j6lrxp1md3nr197cgyps6rlibn-virtualbox-7.0.14/share/virtualbox/qt_zh_TW.qm'
warning: collision between `/nix/store/gagsb6qbl2jjszvmlb4vghsllw4y6bwj-virtualbox-7.0.14/share/virtualbox/qt_cs.qm' and `/nix/store/5wnai7j6lrxp1md3nr197cgyps6rlibn-virtualbox-7.0.14/share/virtualbox/qt_cs.qm'
warning: collision between `/nix/store/gagsb6qbl2jjszvmlb4vghsllw4y6bwj-virtualbox-7.0.14/share/virtualbox/qt_it.qm' and `/nix/store/5wnai7j6lrxp1md3nr197cgyps6rlibn-virtualbox-7.0.14/share/virtualbox/qt_it.qm'
warning: collision between `/nix/store/gagsb6qbl2jjszvmlb4vghsllw4y6bwj-virtualbox-7.0.14/share/virtualbox/VirtualBoxAPI_ru.qm' and `/nix/store/5wnai7j6lrxp1md3nr197cgyps6rlibn-virtualbox-7.0.14/share/virtualbox/VirtualBoxAPI_ru.qm'
warning: collision between `/nix/store/gagsb6qbl2jjszvmlb4vghsllw4y6bwj-virtualbox-7.0.14/share/virtualbox/qt_he.qm' and `/nix/store/5wnai7j6lrxp1md3nr197cgyps6rlibn-virtualbox-7.0.14/share/virtualbox/qt_he.qm'
warning: collision between `/nix/store/gagsb6qbl2jjszvmlb4vghsllw4y6bwj-virtualbox-7.0.14/share/virtualbox/qt_pl.qm' and `/nix/store/5wnai7j6lrxp1md3nr197cgyps6rlibn-virtualbox-7.0.14/share/virtualbox/qt_pl.qm'
warning: collision between `/nix/store/gagsb6qbl2jjszvmlb4vghsllw4y6bwj-virtualbox-7.0.14/share/virtualbox/qt_gl.qm' and `/nix/store/5wnai7j6lrxp1md3nr197cgyps6rlibn-virtualbox-7.0.14/share/virtualbox/qt_gl.qm'
warning: collision between `/nix/store/gagsb6qbl2jjszvmlb4vghsllw4y6bwj-virtualbox-7.0.14/share/virtualbox/qt_ka.qm' and `/nix/store/5wnai7j6lrxp1md3nr197cgyps6rlibn-virtualbox-7.0.14/share/virtualbox/qt_ka.qm'
warning: collision between `/nix/store/gagsb6qbl2jjszvmlb4vghsllw4y6bwj-virtualbox-7.0.14/share/virtualbox/VirtualBox_gl.qm' and `/nix/store/5wnai7j6lrxp1md3nr197cgyps6rlibn-virtualbox-7.0.14/share/virtualbox/VirtualBox_gl.qm'
warning: collision between `/nix/store/gagsb6qbl2jjszvmlb4vghsllw4y6bwj-virtualbox-7.0.14/share/virtualbox/VirtualBox_el.qm' and `/nix/store/5wnai7j6lrxp1md3nr197cgyps6rlibn-virtualbox-7.0.14/share/virtualbox/VirtualBox_el.qm'
warning: collision between `/nix/store/gagsb6qbl2jjszvmlb4vghsllw4y6bwj-virtualbox-7.0.14/share/virtualbox/VirtualBox_hu.qm' and `/nix/store/5wnai7j6lrxp1md3nr197cgyps6rlibn-virtualbox-7.0.14/share/virtualbox/VirtualBox_hu.qm'
warning: collision between `/nix/store/gagsb6qbl2jjszvmlb4vghsllw4y6bwj-virtualbox-7.0.14/share/virtualbox/qt_en.qm' and `/nix/store/5wnai7j6lrxp1md3nr197cgyps6rlibn-virtualbox-7.0.14/share/virtualbox/qt_en.qm'
warning: collision between `/nix/store/gagsb6qbl2jjszvmlb4vghsllw4y6bwj-virtualbox-7.0.14/share/virtualbox/VirtualBox_eu.qm' and `/nix/store/5wnai7j6lrxp1md3nr197cgyps6rlibn-virtualbox-7.0.14/share/virtualbox/VirtualBox_eu.qm'
warning: collision between `/nix/store/gagsb6qbl2jjszvmlb4vghsllw4y6bwj-virtualbox-7.0.14/share/virtualbox/VirtualBox_lt.qm' and `/nix/store/5wnai7j6lrxp1md3nr197cgyps6rlibn-virtualbox-7.0.14/share/virtualbox/VirtualBox_lt.qm'
warning: collision between `/nix/store/gagsb6qbl2jjszvmlb4vghsllw4y6bwj-virtualbox-7.0.14/share/virtualbox/VirtualBox_fr.qm' and `/nix/store/5wnai7j6lrxp1md3nr197cgyps6rlibn-virtualbox-7.0.14/share/virtualbox/VirtualBox_fr.qm'
warning: collision between `/nix/store/gagsb6qbl2jjszvmlb4vghsllw4y6bwj-virtualbox-7.0.14/share/virtualbox/VirtualBox_sr.qm' and `/nix/store/5wnai7j6lrxp1md3nr197cgyps6rlibn-virtualbox-7.0.14/share/virtualbox/VirtualBox_sr.qm'
warning: collision between `/nix/store/gagsb6qbl2jjszvmlb4vghsllw4y6bwj-virtualbox-7.0.14/share/virtualbox/qt_fr.qm' and `/nix/store/5wnai7j6lrxp1md3nr197cgyps6rlibn-virtualbox-7.0.14/share/virtualbox/qt_fr.qm'
warning: collision between `/nix/store/gagsb6qbl2jjszvmlb4vghsllw4y6bwj-virtualbox-7.0.14/share/virtualbox/VirtualBox_da.qm' and `/nix/store/5wnai7j6lrxp1md3nr197cgyps6rlibn-virtualbox-7.0.14/share/virtualbox/VirtualBox_da.qm'
warning: collision between `/nix/store/gagsb6qbl2jjszvmlb4vghsllw4y6bwj-virtualbox-7.0.14/share/virtualbox/VirtualBox_pt.qm' and `/nix/store/5wnai7j6lrxp1md3nr197cgyps6rlibn-virtualbox-7.0.14/share/virtualbox/VirtualBox_pt.qm'
warning: collision between `/nix/store/gagsb6qbl2jjszvmlb4vghsllw4y6bwj-virtualbox-7.0.14/share/virtualbox/VirtualBox_km_KH.qm' and `/nix/store/5wnai7j6lrxp1md3nr197cgyps6rlibn-virtualbox-7.0.14/share/virtualbox/VirtualBox_km_KH.qm'
warning: collision between `/nix/store/gagsb6qbl2jjszvmlb4vghsllw4y6bwj-virtualbox-7.0.14/share/virtualbox/VirtualBox_ja.qm' and `/nix/store/5wnai7j6lrxp1md3nr197cgyps6rlibn-virtualbox-7.0.14/share/virtualbox/VirtualBox_ja.qm'
warning: collision between `/nix/store/gagsb6qbl2jjszvmlb4vghsllw4y6bwj-virtualbox-7.0.14/share/virtualbox/VirtualBoxAPI_tr.qm' and `/nix/store/5wnai7j6lrxp1md3nr197cgyps6rlibn-virtualbox-7.0.14/share/virtualbox/VirtualBoxAPI_tr.qm'
warning: collision between `/nix/store/gagsb6qbl2jjszvmlb4vghsllw4y6bwj-virtualbox-7.0.14/share/virtualbox/VirtualBox_he.qm' and `/nix/store/5wnai7j6lrxp1md3nr197cgyps6rlibn-virtualbox-7.0.14/share/virtualbox/VirtualBox_he.qm'
warning: collision between `/nix/store/gagsb6qbl2jjszvmlb4vghsllw4y6bwj-virtualbox-7.0.14/share/virtualbox/VirtualBox_es.qm' and `/nix/store/5wnai7j6lrxp1md3nr197cgyps6rlibn-virtualbox-7.0.14/share/virtualbox/VirtualBox_es.qm'
warning: collision between `/nix/store/gagsb6qbl2jjszvmlb4vghsllw4y6bwj-virtualbox-7.0.14/share/virtualbox/qt_km_KH.qm' and `/nix/store/5wnai7j6lrxp1md3nr197cgyps6rlibn-virtualbox-7.0.14/share/virtualbox/qt_km_KH.qm'
warning: collision between `/nix/store/gagsb6qbl2jjszvmlb4vghsllw4y6bwj-virtualbox-7.0.14/share/virtualbox/qt_da.qm' and `/nix/store/5wnai7j6lrxp1md3nr197cgyps6rlibn-virtualbox-7.0.14/share/virtualbox/qt_da.qm'
warning: collision between `/nix/store/gagsb6qbl2jjszvmlb4vghsllw4y6bwj-virtualbox-7.0.14/share/virtualbox/VirtualBox_hr_HR.qm' and `/nix/store/5wnai7j6lrxp1md3nr197cgyps6rlibn-virtualbox-7.0.14/share/virtualbox/VirtualBox_hr_HR.qm'
warning: collision between `/nix/store/gagsb6qbl2jjszvmlb4vghsllw4y6bwj-virtualbox-7.0.14/share/virtualbox/VirtualBox_pt_BR.qm' and `/nix/store/5wnai7j6lrxp1md3nr197cgyps6rlibn-virtualbox-7.0.14/share/virtualbox/VirtualBox_pt_BR.qm'
warning: collision between `/nix/store/gagsb6qbl2jjszvmlb4vghsllw4y6bwj-virtualbox-7.0.14/share/virtualbox/VirtualBox_fa.qm' and `/nix/store/5wnai7j6lrxp1md3nr197cgyps6rlibn-virtualbox-7.0.14/share/virtualbox/VirtualBox_fa.qm'
warning: collision between `/nix/store/gagsb6qbl2jjszvmlb4vghsllw4y6bwj-virtualbox-7.0.14/share/virtualbox/VirtualBox_ko.qm' and `/nix/store/5wnai7j6lrxp1md3nr197cgyps6rlibn-virtualbox-7.0.14/share/virtualbox/VirtualBox_ko.qm'
warning: collision between `/nix/store/gagsb6qbl2jjszvmlb4vghsllw4y6bwj-virtualbox-7.0.14/share/virtualbox/VirtualBox_zh_CN.qm' and `/nix/store/5wnai7j6lrxp1md3nr197cgyps6rlibn-virtualbox-7.0.14/share/virtualbox/VirtualBox_zh_CN.qm'
warning: collision between `/nix/store/gagsb6qbl2jjszvmlb4vghsllw4y6bwj-virtualbox-7.0.14/share/virtualbox/VirtualBox_th.qm' and `/nix/store/5wnai7j6lrxp1md3nr197cgyps6rlibn-virtualbox-7.0.14/share/virtualbox/VirtualBox_th.qm'
warning: collision between `/nix/store/gagsb6qbl2jjszvmlb4vghsllw4y6bwj-virtualbox-7.0.14/share/virtualbox/qt_hr_HR.qm' and `/nix/store/5wnai7j6lrxp1md3nr197cgyps6rlibn-virtualbox-7.0.14/share/virtualbox/qt_hr_HR.qm'
warning: collision between `/nix/store/gagsb6qbl2jjszvmlb4vghsllw4y6bwj-virtualbox-7.0.14/share/virtualbox/VirtualBox_it.qm' and `/nix/store/5wnai7j6lrxp1md3nr197cgyps6rlibn-virtualbox-7.0.14/share/virtualbox/VirtualBox_it.qm'
warning: collision between `/nix/store/gagsb6qbl2jjszvmlb4vghsllw4y6bwj-virtualbox-7.0.14/share/virtualbox/qt_tr.qm' and `/nix/store/5wnai7j6lrxp1md3nr197cgyps6rlibn-virtualbox-7.0.14/share/virtualbox/qt_tr.qm'
warning: collision between `/nix/store/gagsb6qbl2jjszvmlb4vghsllw4y6bwj-virtualbox-7.0.14/share/virtualbox/qt_uk.qm' and `/nix/store/5wnai7j6lrxp1md3nr197cgyps6rlibn-virtualbox-7.0.14/share/virtualbox/qt_uk.qm'
warning: collision between `/nix/store/gagsb6qbl2jjszvmlb4vghsllw4y6bwj-virtualbox-7.0.14/share/virtualbox/qt_id.qm' and `/nix/store/5wnai7j6lrxp1md3nr197cgyps6rlibn-virtualbox-7.0.14/share/virtualbox/qt_id.qm'
warning: collision between `/nix/store/gagsb6qbl2jjszvmlb4vghsllw4y6bwj-virtualbox-7.0.14/share/virtualbox/qt_es.qm' and `/nix/store/5wnai7j6lrxp1md3nr197cgyps6rlibn-virtualbox-7.0.14/share/virtualbox/qt_es.qm'
warning: collision between `/nix/store/gagsb6qbl2jjszvmlb4vghsllw4y6bwj-virtualbox-7.0.14/share/virtualbox/qt_ko.qm' and `/nix/store/5wnai7j6lrxp1md3nr197cgyps6rlibn-virtualbox-7.0.14/share/virtualbox/qt_ko.qm'
warning: collision between `/nix/store/gagsb6qbl2jjszvmlb4vghsllw4y6bwj-virtualbox-7.0.14/share/virtualbox/qt_zh_CN.qm' and `/nix/store/5wnai7j6lrxp1md3nr197cgyps6rlibn-virtualbox-7.0.14/share/virtualbox/qt_zh_CN.qm'
warning: collision between `/nix/store/gagsb6qbl2jjszvmlb4vghsllw4y6bwj-virtualbox-7.0.14/share/virtualbox/VirtualBox_en.qm' and `/nix/store/5wnai7j6lrxp1md3nr197cgyps6rlibn-virtualbox-7.0.14/share/virtualbox/VirtualBox_en.qm'
warning: collision between `/nix/store/gagsb6qbl2jjszvmlb4vghsllw4y6bwj-virtualbox-7.0.14/share/virtualbox/qt_pt_BR.qm' and `/nix/store/5wnai7j6lrxp1md3nr197cgyps6rlibn-virtualbox-7.0.14/share/virtualbox/qt_pt_BR.qm'
warning: collision between `/nix/store/gagsb6qbl2jjszvmlb4vghsllw4y6bwj-virtualbox-7.0.14/share/virtualbox/qt_th.qm' and `/nix/store/5wnai7j6lrxp1md3nr197cgyps6rlibn-virtualbox-7.0.14/share/virtualbox/qt_th.qm'
warning: collision between `/nix/store/gagsb6qbl2jjszvmlb4vghsllw4y6bwj-virtualbox-7.0.14/share/virtualbox/qt_pt.qm' and `/nix/store/5wnai7j6lrxp1md3nr197cgyps6rlibn-virtualbox-7.0.14/share/virtualbox/qt_pt.qm'
warning: collision between `/nix/store/gagsb6qbl2jjszvmlb4vghsllw4y6bwj-virtualbox-7.0.14/share/virtualbox/VirtualBox_ka.qm' and `/nix/store/5wnai7j6lrxp1md3nr197cgyps6rlibn-virtualbox-7.0.14/share/virtualbox/VirtualBox_ka.qm'
warning: collision between `/nix/store/gagsb6qbl2jjszvmlb4vghsllw4y6bwj-virtualbox-7.0.14/share/virtualbox/VBoxManageNls_ru.qm' and `/nix/store/5wnai7j6lrxp1md3nr197cgyps6rlibn-virtualbox-7.0.14/share/virtualbox/VBoxManageNls_ru.qm'
warning: collision between `/nix/store/gagsb6qbl2jjszvmlb4vghsllw4y6bwj-virtualbox-7.0.14/share/virtualbox/VirtualBox_nl.qm' and `/nix/store/5wnai7j6lrxp1md3nr197cgyps6rlibn-virtualbox-7.0.14/share/virtualbox/VirtualBox_nl.qm'
warning: collision between `/nix/store/gagsb6qbl2jjszvmlb4vghsllw4y6bwj-virtualbox-7.0.14/share/virtualbox/VirtualBox_sl.qm' and `/nix/store/5wnai7j6lrxp1md3nr197cgyps6rlibn-virtualbox-7.0.14/share/virtualbox/VirtualBox_sl.qm'
warning: collision between `/nix/store/gagsb6qbl2jjszvmlb4vghsllw4y6bwj-virtualbox-7.0.14/share/virtualbox/VirtualBox_fi.qm' and `/nix/store/5wnai7j6lrxp1md3nr197cgyps6rlibn-virtualbox-7.0.14/share/virtualbox/VirtualBox_fi.qm'
warning: collision between `/nix/store/gagsb6qbl2jjszvmlb4vghsllw4y6bwj-virtualbox-7.0.14/share/virtualbox/qt_eu.qm' and `/nix/store/5wnai7j6lrxp1md3nr197cgyps6rlibn-virtualbox-7.0.14/share/virtualbox/qt_eu.qm'
warning: collision between `/nix/store/gagsb6qbl2jjszvmlb4vghsllw4y6bwj-virtualbox-7.0.14/share/virtualbox/qt_ja.qm' and `/nix/store/5wnai7j6lrxp1md3nr197cgyps6rlibn-virtualbox-7.0.14/share/virtualbox/qt_ja.qm'
warning: collision between `/nix/store/gagsb6qbl2jjszvmlb4vghsllw4y6bwj-virtualbox-7.0.14/share/virtualbox/VirtualBox_tr.qm' and `/nix/store/5wnai7j6lrxp1md3nr197cgyps6rlibn-virtualbox-7.0.14/share/virtualbox/VirtualBox_tr.qm'
warning: collision between `/nix/store/gagsb6qbl2jjszvmlb4vghsllw4y6bwj-virtualbox-7.0.14/share/virtualbox/qt_nl.qm' and `/nix/store/5wnai7j6lrxp1md3nr197cgyps6rlibn-virtualbox-7.0.14/share/virtualbox/qt_nl.qm'
warning: collision between `/nix/store/gagsb6qbl2jjszvmlb4vghsllw4y6bwj-virtualbox-7.0.14/share/virtualbox/VirtualBox_de.qm' and `/nix/store/5wnai7j6lrxp1md3nr197cgyps6rlibn-virtualbox-7.0.14/share/virtualbox/VirtualBox_de.qm'
warning: collision between `/nix/store/gagsb6qbl2jjszvmlb4vghsllw4y6bwj-virtualbox-7.0.14/share/virtualbox/qt_hu.qm' and `/nix/store/5wnai7j6lrxp1md3nr197cgyps6rlibn-virtualbox-7.0.14/share/virtualbox/qt_hu.qm'
warning: collision between `/nix/store/gagsb6qbl2jjszvmlb4vghsllw4y6bwj-virtualbox-7.0.14/share/virtualbox/VirtualBox_zh_TW.qm' and `/nix/store/5wnai7j6lrxp1md3nr197cgyps6rlibn-virtualbox-7.0.14/share/virtualbox/VirtualBox_zh_TW.qm'
warning: collision between `/nix/store/gagsb6qbl2jjszvmlb4vghsllw4y6bwj-virtualbox-7.0.14/share/virtualbox/qt_bg.qm' and `/nix/store/5wnai7j6lrxp1md3nr197cgyps6rlibn-virtualbox-7.0.14/share/virtualbox/qt_bg.qm'
warning: collision between `/nix/store/gagsb6qbl2jjszvmlb4vghsllw4y6bwj-virtualbox-7.0.14/share/virtualbox/VirtualBox_bg.qm' and `/nix/store/5wnai7j6lrxp1md3nr197cgyps6rlibn-virtualbox-7.0.14/share/virtualbox/VirtualBox_bg.qm'
warning: collision between `/nix/store/gagsb6qbl2jjszvmlb4vghsllw4y6bwj-virtualbox-7.0.14/share/virtualbox/UnattendedTemplates/debian_preseed.cfg' and `/nix/store/5wnai7j6lrxp1md3nr197cgyps6rlibn-virtualbox-7.0.14/share/virtualbox/UnattendedTemplates/debian_preseed.cfg'
warning: collision between `/nix/store/gagsb6qbl2jjszvmlb4vghsllw4y6bwj-virtualbox-7.0.14/share/virtualbox/UnattendedTemplates/fedora_ks.cfg' and `/nix/store/5wnai7j6lrxp1md3nr197cgyps6rlibn-virtualbox-7.0.14/share/virtualbox/UnattendedTemplates/fedora_ks.cfg'
warning: collision between `/nix/store/gagsb6qbl2jjszvmlb4vghsllw4y6bwj-virtualbox-7.0.14/share/virtualbox/UnattendedTemplates/win_nt5_unattended.sif' and `/nix/store/5wnai7j6lrxp1md3nr197cgyps6rlibn-virtualbox-7.0.14/share/virtualbox/UnattendedTemplates/win_nt5_unattended.sif'
warning: collision between `/nix/store/gagsb6qbl2jjszvmlb4vghsllw4y6bwj-virtualbox-7.0.14/share/virtualbox/UnattendedTemplates/ol_postinstall.sh' and `/nix/store/5wnai7j6lrxp1md3nr197cgyps6rlibn-virtualbox-7.0.14/share/virtualbox/UnattendedTemplates/ol_postinstall.sh'
warning: collision between `/nix/store/gagsb6qbl2jjszvmlb4vghsllw4y6bwj-virtualbox-7.0.14/share/virtualbox/UnattendedTemplates/os2_util.exe' and `/nix/store/5wnai7j6lrxp1md3nr197cgyps6rlibn-virtualbox-7.0.14/share/virtualbox/UnattendedTemplates/os2_util.exe'
warning: collision between `/nix/store/gagsb6qbl2jjszvmlb4vghsllw4y6bwj-virtualbox-7.0.14/share/virtualbox/UnattendedTemplates/suse_autoinstall.xml' and `/nix/store/5wnai7j6lrxp1md3nr197cgyps6rlibn-virtualbox-7.0.14/share/virtualbox/UnattendedTemplates/suse_autoinstall.xml'
warning: collision between `/nix/store/gagsb6qbl2jjszvmlb4vghsllw4y6bwj-virtualbox-7.0.14/share/virtualbox/UnattendedTemplates/redhat_postinstall.sh' and `/nix/store/5wnai7j6lrxp1md3nr197cgyps6rlibn-virtualbox-7.0.14/share/virtualbox/UnattendedTemplates/redhat_postinstall.sh'
warning: collision between `/nix/store/gagsb6qbl2jjszvmlb4vghsllw4y6bwj-virtualbox-7.0.14/share/virtualbox/UnattendedTemplates/os2_response_files.rsp' and `/nix/store/5wnai7j6lrxp1md3nr197cgyps6rlibn-virtualbox-7.0.14/share/virtualbox/UnattendedTemplates/os2_response_files.rsp'
warning: collision between `/nix/store/gagsb6qbl2jjszvmlb4vghsllw4y6bwj-virtualbox-7.0.14/share/virtualbox/UnattendedTemplates/lgw_postinstall.sh' and `/nix/store/5wnai7j6lrxp1md3nr197cgyps6rlibn-virtualbox-7.0.14/share/virtualbox/UnattendedTemplates/lgw_postinstall.sh'
warning: collision between `/nix/store/gagsb6qbl2jjszvmlb4vghsllw4y6bwj-virtualbox-7.0.14/share/virtualbox/UnattendedTemplates/ol8_ks.cfg' and `/nix/store/5wnai7j6lrxp1md3nr197cgyps6rlibn-virtualbox-7.0.14/share/virtualbox/UnattendedTemplates/ol8_ks.cfg'
warning: collision between `/nix/store/gagsb6qbl2jjszvmlb4vghsllw4y6bwj-virtualbox-7.0.14/share/virtualbox/UnattendedTemplates/rhel3_ks.cfg' and `/nix/store/5wnai7j6lrxp1md3nr197cgyps6rlibn-virtualbox-7.0.14/share/virtualbox/UnattendedTemplates/rhel3_ks.cfg'
warning: collision between `/nix/store/gagsb6qbl2jjszvmlb4vghsllw4y6bwj-virtualbox-7.0.14/share/virtualbox/UnattendedTemplates/rhel4_ks.cfg' and `/nix/store/5wnai7j6lrxp1md3nr197cgyps6rlibn-virtualbox-7.0.14/share/virtualbox/UnattendedTemplates/rhel4_ks.cfg'
warning: collision between `/nix/store/gagsb6qbl2jjszvmlb4vghsllw4y6bwj-virtualbox-7.0.14/share/virtualbox/UnattendedTemplates/debian_postinstall.sh' and `/nix/store/5wnai7j6lrxp1md3nr197cgyps6rlibn-virtualbox-7.0.14/share/virtualbox/UnattendedTemplates/debian_postinstall.sh'
warning: collision between `/nix/store/gagsb6qbl2jjszvmlb4vghsllw4y6bwj-virtualbox-7.0.14/share/virtualbox/UnattendedTemplates/ol_ks.cfg' and `/nix/store/5wnai7j6lrxp1md3nr197cgyps6rlibn-virtualbox-7.0.14/share/virtualbox/UnattendedTemplates/ol_ks.cfg'
warning: collision between `/nix/store/gagsb6qbl2jjszvmlb4vghsllw4y6bwj-virtualbox-7.0.14/share/virtualbox/UnattendedTemplates/win_postinstall.cmd' and `/nix/store/5wnai7j6lrxp1md3nr197cgyps6rlibn-virtualbox-7.0.14/share/virtualbox/UnattendedTemplates/win_postinstall.cmd'
warning: collision between `/nix/store/gagsb6qbl2jjszvmlb4vghsllw4y6bwj-virtualbox-7.0.14/share/virtualbox/UnattendedTemplates/lgw_ks.cfg' and `/nix/store/5wnai7j6lrxp1md3nr197cgyps6rlibn-virtualbox-7.0.14/share/virtualbox/UnattendedTemplates/lgw_ks.cfg'
warning: collision between `/nix/store/gagsb6qbl2jjszvmlb4vghsllw4y6bwj-virtualbox-7.0.14/share/virtualbox/UnattendedTemplates/rhel5_ks.cfg' and `/nix/store/5wnai7j6lrxp1md3nr197cgyps6rlibn-virtualbox-7.0.14/share/virtualbox/UnattendedTemplates/rhel5_ks.cfg'
warning: collision between `/nix/store/gagsb6qbl2jjszvmlb4vghsllw4y6bwj-virtualbox-7.0.14/share/virtualbox/UnattendedTemplates/freebsd_postinstall.sh' and `/nix/store/5wnai7j6lrxp1md3nr197cgyps6rlibn-virtualbox-7.0.14/share/virtualbox/UnattendedTemplates/freebsd_postinstall.sh'
warning: collision between `/nix/store/gagsb6qbl2jjszvmlb4vghsllw4y6bwj-virtualbox-7.0.14/share/virtualbox/UnattendedTemplates/redhat67_ks.cfg' and `/nix/store/5wnai7j6lrxp1md3nr197cgyps6rlibn-virtualbox-7.0.14/share/virtualbox/UnattendedTemplates/redhat67_ks.cfg'
warning: collision between `/nix/store/gagsb6qbl2jjszvmlb4vghsllw4y6bwj-virtualbox-7.0.14/share/virtualbox/UnattendedTemplates/freebsd_installer.cfg' and `/nix/store/5wnai7j6lrxp1md3nr197cgyps6rlibn-virtualbox-7.0.14/share/virtualbox/UnattendedTemplates/freebsd_installer.cfg'
warning: collision between `/nix/store/gagsb6qbl2jjszvmlb4vghsllw4y6bwj-virtualbox-7.0.14/share/virtualbox/UnattendedTemplates/ol9_ks.cfg' and `/nix/store/5wnai7j6lrxp1md3nr197cgyps6rlibn-virtualbox-7.0.14/share/virtualbox/UnattendedTemplates/ol9_ks.cfg'
warning: collision between `/nix/store/gagsb6qbl2jjszvmlb4vghsllw4y6bwj-virtualbox-7.0.14/share/virtualbox/UnattendedTemplates/Makefile.kmk' and `/nix/store/5wnai7j6lrxp1md3nr197cgyps6rlibn-virtualbox-7.0.14/share/virtualbox/UnattendedTemplates/Makefile.kmk'
warning: collision between `/nix/store/gagsb6qbl2jjszvmlb4vghsllw4y6bwj-virtualbox-7.0.14/share/virtualbox/UnattendedTemplates/ubuntu_preseed.cfg' and `/nix/store/5wnai7j6lrxp1md3nr197cgyps6rlibn-virtualbox-7.0.14/share/virtualbox/UnattendedTemplates/ubuntu_preseed.cfg'
warning: collision between `/nix/store/gagsb6qbl2jjszvmlb4vghsllw4y6bwj-virtualbox-7.0.14/share/virtualbox/UnattendedTemplates/os2_cid_install.cmd' and `/nix/store/5wnai7j6lrxp1md3nr197cgyps6rlibn-virtualbox-7.0.14/share/virtualbox/UnattendedTemplates/os2_cid_install.cmd'
warning: collision between `/nix/store/gagsb6qbl2jjszvmlb4vghsllw4y6bwj-virtualbox-7.0.14/share/virtualbox/UnattendedTemplates/win_nt6_unattended.xml' and `/nix/store/5wnai7j6lrxp1md3nr197cgyps6rlibn-virtualbox-7.0.14/share/virtualbox/UnattendedTemplates/win_nt6_unattended.xml'
warning: collision between `/nix/store/gagsb6qbl2jjszvmlb4vghsllw4y6bwj-virtualbox-7.0.14/share/virtualbox/VirtualBox_id.qm' and `/nix/store/5wnai7j6lrxp1md3nr197cgyps6rlibn-virtualbox-7.0.14/share/virtualbox/VirtualBox_id.qm'
warning: collision between `/nix/store/gagsb6qbl2jjszvmlb4vghsllw4y6bwj-virtualbox-7.0.14/share/virtualbox/qt_el.qm' and `/nix/store/5wnai7j6lrxp1md3nr197cgyps6rlibn-virtualbox-7.0.14/share/virtualbox/qt_el.qm'
warning: collision between `/nix/store/gagsb6qbl2jjszvmlb4vghsllw4y6bwj-virtualbox-7.0.14/share/virtualbox/VirtualBox_ca.qm' and `/nix/store/5wnai7j6lrxp1md3nr197cgyps6rlibn-virtualbox-7.0.14/share/virtualbox/VirtualBox_ca.qm'
warning: collision between `/nix/store/gagsb6qbl2jjszvmlb4vghsllw4y6bwj-virtualbox-7.0.14/share/virtualbox/qt_ca_VA.qm' and `/nix/store/5wnai7j6lrxp1md3nr197cgyps6rlibn-virtualbox-7.0.14/share/virtualbox/qt_ca_VA.qm'
warning: collision between `/nix/store/gagsb6qbl2jjszvmlb4vghsllw4y6bwj-virtualbox-7.0.14/share/virtualbox/qt_sk.qm' and `/nix/store/5wnai7j6lrxp1md3nr197cgyps6rlibn-virtualbox-7.0.14/share/virtualbox/qt_sk.qm'
warning: collision between `/nix/store/gagsb6qbl2jjszvmlb4vghsllw4y6bwj-virtualbox-7.0.14/share/applications/virtualbox.desktop' and `/nix/store/5wnai7j6lrxp1md3nr197cgyps6rlibn-virtualbox-7.0.14/share/applications/virtualbox.desktop'
warning: collision between `/nix/store/g75c4k2igbd78dxszgz7dnffdzqj9q2r-mount.vboxsf/bin/mount.vboxsf' and `/nix/store/r329jy6xrj0sz1w64ack6d4laa01qv41-VirtualBox-GuestAdditions-7.0.14-6.6.33/bin/mount.vboxsf'
created 18075 symlinks in user environment
gtk-update-icon-cache: Cache file created successfully.
gtk-update-icon-cache: Cache file created successfully.
gtk-update-icon-cache: Cache file created successfully.
gtk-update-icon-cache: Cache file created successfully.
gtk-update-icon-cache: Cache file created successfully.
gtk-update-icon-cache: Cache file created successfully.
building '/nix/store/irxj5b6qkldif52fml0797hc02clyvar-X-Restart-Triggers-polkit.drv'...
building '/nix/store/qcrnhx5div8v4g99zismwskrd6gzjwxz-dbus-1.drv'...
building '/nix/store/id8mrq7hghv6c7mk3p5rlav650vxcvzf-etc-pam-environment.drv'...
building '/nix/store/cm7y7jcnk4xxkfhdqsd0x95jdwp81dxg-set-environment.drv'...
building '/nix/store/3pp671smf307wq78drsq8ij79cv8pbkm-unit-accounts-daemon.service.drv'...
building '/nix/store/ykh3a1vdzz4dlkbil2xjjzzz5zx8v1p1-X-Restart-Triggers-dbus.drv'...
building '/nix/store/86sf662lxadi982qdn8bln2dhc5lf5hb-etc-profile.drv'...
building '/nix/store/5912i69d8agl3fbaq7rxr6b4dkilgqra-unit-polkit.service.drv'...
building '/nix/store/2jrdfjp6j5j4aa16mwm77ys84sjykj1g-unit-dbus.service.drv'...
building '/nix/store/kypy48v25gbrq131hq6g4ssxnwp85m0v-unit-dbus.service.drv'...
building '/nix/store/y2jx973gr7c1pz797wk7arb6ishis3dj-user-units.drv'...
building '/nix/store/0ij9si30d09h55qrhmsl78jhn3cryhcs-system-units.drv'...
building '/nix/store/6jm2lrrhg6kllv9gbzy29zbivxp019dr-etc.drv'...
building '/nix/store/7li863h2vwz9vj8sma0afm6px17zc8qb-nixos-system-port-24.05.1503.752c634c09ce.drv'...
stopping the following units: accounts-daemon.service
activating the configuration...
setting up /etc...
reloading user units for vertex...
restarting sysinit-reactivation.target
reloading the following units: dbus.service
restarting the following units: polkit.service
starting the following units: accounts-daemon.service
the following new units were started: libvirtd.service
